0 verbose cli /Users/aruns/.nvm/versions/node/v20.19.4/bin/node /Users/aruns/.nvm/versions/node/v20.19.4/lib/node_modules/npm/bin/npm-cli.js
1 info using npm@10.8.2
2 info using node@v20.19.4
3 silly config load:file:/Users/aruns/.nvm/versions/node/v20.19.4/lib/node_modules/npm/npmrc
4 silly config load:file:/Users/aruns/.npmrc
5 silly config load:file:/Users/aruns/.nvm/versions/node/v20.19.4/etc/npmrc
6 verbose title npm exec create-vite@latest app -- --template react-ts
7 verbose argv "exec" "--yes" "--" "create-vite@latest" "app" "--" "--template" "react-ts"
8 verbose logfile logs-max:10 dir:/Users/aruns/fuse_react_tailwind/.npm-cache/_logs/2025-08-08T19_15_50_144Z-
9 verbose logfile /Users/aruns/fuse_react_tailwind/.npm-cache/_logs/2025-08-08T19_15_50_144Z-debug-0.log
10 silly logfile done cleaning log files
11 silly packumentCache heap:2197815296 maxSize:549453824 maxEntrySize:274726912
12 verbose shrinkwrap failed to load node_modules/.package-lock.json out of date, updated: node_modules
13 http fetch GET 200 https://registry.npmjs.org/npm 297ms
14 http fetch GET 200 https://registry.npmjs.org/create-vite 77ms (cache miss)
15 silly packumentCache heap:2197815296 maxSize:549453824 maxEntrySize:274726912
16 silly packumentCache heap:2197815296 maxSize:549453824 maxEntrySize:274726912
17 silly idealTree buildDeps
18 silly fetch manifest create-vite@7.1.0
19 silly packumentCache full:https://registry.npmjs.org/create-vite cache-miss
20 http fetch GET 200 https://registry.npmjs.org/create-vite 49ms (cache miss)
21 silly packumentCache full:https://registry.npmjs.org/create-vite set size:undefined disposed:false
22 silly placeDep ROOT create-vite@7.1.0 OK for:  want: 7.1.0
23 silly reify moves {}
24 silly audit bulk request { 'create-vite': [ '7.1.0' ] }
25 silly tarball no local data for create-vite@https://registry.npmjs.org/create-vite/-/create-vite-7.1.0.tgz. Extracting by manifest.
26 http fetch GET 200 https://registry.npmjs.org/create-vite/-/create-vite-7.1.0.tgz 264ms (cache miss)
27 http fetch POST 200 https://registry.npmjs.org/-/npm/v1/security/advisories/bulk 325ms
28 silly audit report {}
29 verbose cwd /Users/aruns/fuse_react_tailwind
30 verbose os Darwin 21.6.0
31 verbose node v20.19.4
32 verbose npm  v10.8.2
33 notice
33 notice New [31mmajor[39m version of npm available! [31m10.8.2[39m -> [34m11.5.2[39m
33 notice Changelog: [34mhttps://github.com/npm/cli/releases/tag/v11.5.2[39m
33 notice To update run: [4mnpm install -g npm@11.5.2[24m
33 notice  { force: true, [Symbol(proc-log.meta)]: true }
34 verbose exit 0
35 info ok
