0 verbose cli /Users/aruns/.nvm/versions/node/v20.19.4/bin/node /Users/aruns/.nvm/versions/node/v20.19.4/lib/node_modules/npm/bin/npm-cli.js
1 info using npm@10.8.2
2 info using node@v20.19.4
3 silly config load:file:/Users/aruns/.nvm/versions/node/v20.19.4/lib/node_modules/npm/npmrc
4 silly config load:file:/Users/aruns/fuse_react_tailwind/app/.npmrc
5 silly config load:file:/Users/aruns/.npmrc
6 silly config load:file:/Users/aruns/.nvm/versions/node/v20.19.4/etc/npmrc
7 verbose title npm exec tailwindcss init -p
8 verbose argv "exec" "--yes" "--" "tailwindcss" "init" "-p"
9 verbose logfile logs-max:10 dir:/Users/aruns/fuse_react_tailwind/.npm-cache/_logs/2025-08-08T19_20_22_889Z-
10 verbose logfile /Users/aruns/fuse_react_tailwind/.npm-cache/_logs/2025-08-08T19_20_22_889Z-debug-0.log
11 silly logfile done cleaning log files
12 silly packumentCache heap:2197815296 maxSize:549453824 maxEntrySize:274726912
13 verbose stack Error: could not determine executable to run
13 verbose stack     at getBinFromManifest (/Users/aruns/.nvm/versions/node/v20.19.4/lib/node_modules/npm/node_modules/libnpmexec/lib/get-bin-from-manifest.js:17:23)
13 verbose stack     at exec (/Users/aruns/.nvm/versions/node/v20.19.4/lib/node_modules/npm/node_modules/libnpmexec/lib/index.js:202:15)
13 verbose stack     at async Npm.exec (/Users/aruns/.nvm/versions/node/v20.19.4/lib/node_modules/npm/lib/npm.js:207:9)
13 verbose stack     at async module.exports (/Users/aruns/.nvm/versions/node/v20.19.4/lib/node_modules/npm/lib/cli/entry.js:74:5)
14 verbose pkgid tailwindcss@4.1.11
15 error could not determine executable to run
16 verbose cwd /Users/aruns/fuse_react_tailwind/app
17 verbose os Darwin 21.6.0
18 verbose node v20.19.4
19 verbose npm  v10.8.2
20 verbose exit 1
21 verbose code 1
22 error A complete log of this run can be found in: /Users/aruns/fuse_react_tailwind/.npm-cache/_logs/2025-08-08T19_20_22_889Z-debug-0.log
