0 verbose cli /Users/aruns/.nvm/versions/node/v20.19.4/bin/node /Users/aruns/.nvm/versions/node/v20.19.4/lib/node_modules/npm/bin/npm-cli.js
1 info using npm@10.8.2
2 info using node@v20.19.4
3 silly config load:file:/Users/aruns/.nvm/versions/node/v20.19.4/lib/node_modules/npm/npmrc
4 silly config load:file:/Users/aruns/.npmrc
5 silly config load:file:/Users/aruns/.nvm/versions/node/v20.19.4/etc/npmrc
6 verbose title npm exec create-vite@latest /Users/aruns/fuse_react_tailwind/app -- --template react-ts
7 verbose argv "exec" "--yes" "--" "create-vite@latest" "/Users/aruns/fuse_react_tailwind/app" "--" "--template" "react-ts"
8 verbose logfile logs-max:10 dir:/Users/aruns/fuse_react_tailwind/.npm-cache/_logs/2025-08-08T19_28_36_741Z-
9 verbose logfile /Users/aruns/fuse_react_tailwind/.npm-cache/_logs/2025-08-08T19_28_36_741Z-debug-0.log
10 silly logfile done cleaning log files
11 silly packumentCache heap:2197815296 maxSize:549453824 maxEntrySize:274726912
12 verbose shrinkwrap failed to load node_modules/.package-lock.json out of date, updated: node_modules
13 http fetch GET 200 https://registry.npmjs.org/create-vite 264ms (cache revalidated)
14 silly packumentCache heap:2197815296 maxSize:549453824 maxEntrySize:274726912
15 silly packumentCache heap:2197815296 maxSize:549453824 maxEntrySize:274726912
16 verbose cwd /Users/aruns
17 verbose os Darwin 21.6.0
18 verbose node v20.19.4
19 verbose npm  v10.8.2
20 verbose exit 0
21 info ok
